<?xml version="1.0" encoding="UTF-8"?>
<!-- Generated by org.testng.reporters.JUnitReportReporter -->
<testsuite hostname="HYDPCM488249L" failures="0" tests="4" name="com.sample.ITunesAPI.searchMusic" time="3.168" errors="0" timestamp="2024-01-11T17:42:50 IST" skipped="0">
  <testcase classname="com.sample.ITunesAPI.searchMusic" name="searchLibrary" time="0.385"/>
  <system-out/>
  <testcase classname="com.sample.ITunesAPI.searchMusic" name="searchUser2" time="0.285"/>
  <system-out/>
  <testcase classname="com.sample.ITunesAPI.searchMusic" name="searchAppTitle" time="2.019"/>
  <system-out/>
  <testcase classname="com.sample.ITunesAPI.searchMusic" name="searchAppTitleName" time="0.479"/>
  <system-out/>
</testsuite> <!-- com.sample.ITunesAPI.searchMusic -->
